<?xml version="1.0" encoding="UTF-8"?>
<!-- Generated by org.testng.reporters.JUnitReportReporter -->
<testsuite hostname="LAPTOP-UD4LBO6R" failures="0" tests="1" name="testCases.LoginApplication" time="19.458" errors="0" timestamp="2020-04-20T01:16:55 PDT" skipped="0">
  <testcase classname="testCases.LoginApplication" name="login" time="19.458"/>
  <system-out/>
</testsuite> <!-- testCases.LoginApplication -->
